2024-01-20 16:32:20.995 VERBOSE: not so important
2024-01-20 16:32:21.004 DEBUG: something to debug
2024-01-20 16:32:21.007 INFO: a nice information
2024-01-20 16:32:21.010 WARNING: oh no, that won’t be good
2024-01-20 16:32:21.013 Beaver Love!: ouch, an error did occur!
2024-01-20 16:34:28.056 VERBOSE: not so important
2024-01-20 16:34:28.063 DEBUG: something to debug
2024-01-20 16:34:28.065 INFO: a nice information
2024-01-20 16:34:28.068 WARNING: oh no, that won’t be good
2024-01-20 16:34:28.071 Beaver Love!: ouch, an error did occur!
2024-01-20 16:36:07.731 VERBOSE: not so important
2024-01-20 16:36:07.763 DEBUG: something to debug
2024-01-20 16:36:07.777 INFO: a nice information
2024-01-20 16:36:07.781 WARNING: oh no, that won’t be good
2024-01-20 16:36:07.784 Beaver Love!: ouch, an error did occur!
2024-01-20 16:36:33.526 VERBOSE: not so important
2024-01-20 16:36:33.532 DEBUG: something to debug
2024-01-20 16:36:33.535 INFO: a nice information
2024-01-20 16:36:33.543 WARNING: oh no, that won’t be good
2024-01-20 16:36:33.546 Beaver Love!: ouch, an error did occur!
2024-01-20 16:37:09.088 VERBOSE: not so important
2024-01-20 16:37:09.100 DEBUG: something to debug
2024-01-20 16:37:09.104 INFO: a nice information
2024-01-20 16:37:09.107 WARNING: oh no, that won’t be good
2024-01-20 16:37:09.111 Beaver Love!: ouch, an error did occur!
2024-01-20 16:37:32.366 VERBOSE: not so important
2024-01-20 16:37:32.372 DEBUG: something to debug
2024-01-20 16:37:32.375 INFO: a nice information
2024-01-20 16:37:32.378 WARNING: oh no, that won’t be good
2024-01-20 16:37:32.381 Beaver Love!: ouch, an error did occur!
2024-01-20 16:37:51.740 VERBOSE: not so important
2024-01-20 16:37:51.746 DEBUG: something to debug
2024-01-20 16:37:51.748 INFO: a nice information
2024-01-20 16:37:51.751 WARNING: oh no, that won’t be good
2024-01-20 16:37:51.754 Beaver Love!: ouch, an error did occur!
2024-01-20 16:44:04.974 VERBOSE: fetchData BirdViewModel 5001
2024-01-20 16:45:58.890 VERBOSE: 
NEW LAUNCH
2024-01-20 16:46:53.030 VERBOSE: *** NEW LAUNCH ***
2024-01-20 16:47:56.389 VERBOSE: *** NEW LAUNCH ***
2024-01-20 16:48:18.170 VERBOSE: *** NEW LAUNCH ***
2024-01-20 16:48:20.897 VERBOSE: fetchData BirdViewModel 5001
2024-01-20 16:49:05.016 VERBOSE: fetchData BirdViewModel 5001
2024-01-20 16:49:14.613 VERBOSE: fetchData BirdViewModel 5001
2024-01-20 16:49:37.177 VERBOSE: fetchData BirdViewModel 5001
2024-01-20 16:50:12.562 VERBOSE: *** NEW LAUNCH ***
2024-01-20 16:50:15.404 VERBOSE: fetchData BirdViewModel 5001
2024-01-20 16:50:46.072 VERBOSE: *** NEW LAUNCH ***
2024-01-20 16:50:48.841 VERBOSE: fetchData BirdViewModel 5001
2024-01-20 16:51:13.271 VERBOSE: *** NEW LAUNCH ***
2024-01-20 16:51:14.932 VERBOSE: fetchData BirdViewModel 5001
2024-01-20 16:51:51.327 VERBOSE: *** NEW LAUNCH ***
2024-01-20 16:51:52.930 VERBOSE: fetchData BirdViewModel 5001
2024-01-20 16:52:16.652 VERBOSE: *** NEW LAUNCH ***
2024-01-20 16:52:21.645 VERBOSE: fetchData BirdViewModel 5001
2024-01-20 16:53:11.455 VERBOSE: *** NEW LAUNCH ***
2024-01-20 16:53:13.424 VERBOSE: fetchData BirdViewModel 5001
2024-01-20 16:53:53.572 VERBOSE: *** NEW LAUNCH ***
2024-01-20 16:53:58.034 VERBOSE: fetchData BirdViewModel 5001
2024-01-20 16:55:00.294 VERBOSE: *** NEW LAUNCH ***
2024-01-20 16:55:04.926 VERBOSE: fetchData BirdViewModel 5001
2024-01-20 16:56:36.061 VERBOSE: *** NEW LAUNCH ***
2024-01-20 16:56:42.790 VERBOSE: fetchData BirdViewModel 5001
2024-01-20 16:57:31.099 VERBOSE: *** NEW LAUNCH ***
2024-01-20 16:57:34.227 VERBOSE: fetchData BirdViewModel 5001
2024-01-20 16:58:40.525 VERBOSE: *** NEW LAUNCH ***
2024-01-20 16:58:43.894 VERBOSE: fetchData BirdViewModel 5001
2024-01-20 16:59:36.395 VERBOSE: *** NEW LAUNCH ***
2024-01-20 16:59:40.235 VERBOSE: fetchData BirdViewModel 5001
2024-01-20 16:59:43.173 VERBOSE: call ObservationsSpeciesView with bird.id 58
2024-01-20 17:02:17.156 VERBOSE: *** NEW LAUNCH ***
2024-01-20 17:02:31.090 VERBOSE: fetchData BirdViewModel 5001
2024-01-20 17:02:33.468 VERBOSE: call isObservationSheetPresented with bird.id 58
2024-01-20 17:05:19.236 VERBOSE: *** NEW LAUNCH ***
2024-01-20 17:05:22.305 VERBOSE: fetchData BirdViewModel 5001
2024-01-20 17:05:25.896 VERBOSE: call isObservationSheetPresented with bird.id 58
2024-01-20 17:07:32.018 VERBOSE: *** NEW LAUNCH ***
2024-01-20 17:07:33.713 VERBOSE: fetchData BirdViewModel 5001
2024-01-20 17:07:37.836 VERBOSE: call isSheetPresented with bird.id 58
2024-01-20 17:08:10.806 VERBOSE: call isSheetPresented with bird.id 306
2024-01-20 17:08:27.703 VERBOSE: fetchData BirdViewModel 5001
2024-01-20 17:08:47.411 VERBOSE: call isObservationSheetPresented with bird.id 43
2024-01-20 17:08:56.934 VERBOSE: call isObservationSheetPresented with bird.id 306
2024-01-20 17:11:07.715 VERBOSE: fetchData BirdViewModel 5001
2024-01-20 17:11:12.913 VERBOSE: call isObservationSheetPresented with bird.id 43
2024-01-20 17:11:23.839 VERBOSE: call isObservationSheetPresented with bird.id 306
2024-01-20 17:12:14.088 VERBOSE: *** NEW LAUNCH ***
2024-01-20 17:12:18.107 VERBOSE: fetchData BirdViewModel 5001
2024-01-20 17:12:22.984 VERBOSE: call isObservationSheetPresented with bird.id 58
2024-01-20 17:12:48.066 VERBOSE: call isObservationSheetPresented with bird.id 58
2024-01-20 17:13:16.279 VERBOSE: call isSheetPresented with bird.id 61
2024-01-20 17:14:26.562 VERBOSE: fetchData BirdViewModel 1
2024-01-20 17:14:42.271 VERBOSE: fetchData BirdViewModel 1
2024-01-20 17:14:46.192 VERBOSE: *** NEW LAUNCH ***
2024-01-20 17:14:49.005 VERBOSE: fetchData BirdViewModel 5001
2024-01-20 17:14:52.549 VERBOSE: call isSheetPresented with bird.id 58
2024-01-20 17:15:30.884 VERBOSE: *** NEW LAUNCH ***
2024-01-20 17:15:33.344 VERBOSE: fetchData BirdViewModel 5001
2024-01-20 17:15:37.435 VERBOSE: call isSheetPresented with bird.id 58
2024-01-20 17:16:08.549 VERBOSE: *** NEW LAUNCH ***
2024-01-20 17:16:11.466 VERBOSE: fetchData BirdViewModel 5001
2024-01-20 17:18:15.371 VERBOSE: *** NEW LAUNCH ***
2024-01-20 17:18:17.627 VERBOSE: fetchData BirdViewModel 5001
2024-01-20 17:18:21.703 VERBOSE: call isSheetPresented with bird.id 214
2024-01-20 17:29:05.669 VERBOSE: *** NEW LAUNCH ***
2024-01-20 17:29:07.568 VERBOSE: fetchData BirdViewModel 5001
2024-01-20 17:38:07.169 VERBOSE: *** NEW LAUNCH ***
2024-01-20 17:38:12.791 VERBOSE: fetchData BirdViewModel 5001
2024-01-20 17:38:20.610 VERBOSE: call isMapObservationSheetPresented with bird.id 58
2024-01-20 17:38:56.395 VERBOSE: *** NEW LAUNCH ***
2024-01-20 17:38:58.438 VERBOSE: fetchData BirdViewModel 5001
2024-01-20 17:39:01.220 VERBOSE: call isObservationSheetPresented with bird.id 58
2024-01-20 17:40:05.825 VERBOSE: *** NEW LAUNCH ***
2024-01-20 17:40:08.975 VERBOSE: fetchData BirdViewModel 5001
2024-01-20 17:40:57.549 VERBOSE: *** NEW LAUNCH ***
2024-01-20 17:40:59.841 VERBOSE: fetchData BirdViewModel 5001
2024-01-20 17:41:05.431 VERBOSE: call isObservationSheetPresented with bird.id 58
2024-01-20 17:42:16.368 VERBOSE: *** NEW LAUNCH ***
2024-01-20 17:43:00.549 VERBOSE: *** NEW LAUNCH ***
2024-01-20 17:45:10.551 VERBOSE: *** NEW LAUNCH ***
2024-01-20 17:45:21.190 VERBOSE: fetchData BirdViewModel 5001
2024-01-20 17:45:25.014 VERBOSE: call isMapObservationSheetPresented with bird.id 58
2024-01-20 18:05:33.731 VERBOSE: *** NEW LAUNCH ***
2024-01-20 18:05:37.727 VERBOSE: fetchData BirdViewModel 5001
2024-01-20 18:05:43.984 VERBOSE: call isMapObservationSheetPresented with bird.id 58
2024-01-21 15:12:37.827 VERBOSE: *** NEW LAUNCH ***
2024-01-21 15:13:24.478 VERBOSE: fetchData BirdViewModel 1
2024-01-21 18:03:59.452 VERBOSE: *** NEW LAUNCH ***
2024-01-21 18:04:09.454 VERBOSE: fetchData BirdViewModel 5001
2024-01-21 18:04:16.562 VERBOSE: fetchData BirdViewModel 5001
2024-01-21 18:05:21.937 VERBOSE: *** NEW LAUNCH ***
2024-01-21 18:06:55.100 VERBOSE: *** NEW LAUNCH ***
2024-01-21 18:17:36.256 VERBOSE: *** NEW LAUNCH ***
2024-01-21 18:18:58.550 VERBOSE: *** NEW LAUNCH ***
2024-01-21 18:21:06.988 VERBOSE: *** NEW LAUNCH ***
2024-01-21 18:21:30.721 VERBOSE: *** NEW LAUNCH ***
2024-01-21 18:21:53.022 VERBOSE: *** NEW LAUNCH ***
2024-01-21 18:22:19.942 VERBOSE: *** NEW LAUNCH ***
2024-01-21 18:22:37.895 VERBOSE: *** NEW LAUNCH ***
2024-01-21 18:23:04.838 VERBOSE: *** NEW LAUNCH ***
2024-01-21 18:23:25.366 VERBOSE: *** NEW LAUNCH ***
2024-01-21 19:19:57.149 VERBOSE: *** NEW LAUNCH ***
2024-01-21 19:20:00.494 VERBOSE: fetchData BirdViewModel 5001
2024-01-21 19:32:40.253 VERBOSE: *** NEW LAUNCH ***
2024-01-21 19:33:32.660 VERBOSE: *** NEW LAUNCH ***
2024-01-21 19:35:54.748 VERBOSE: *** NEW LAUNCH ***
2024-01-21 19:36:33.781 VERBOSE: *** NEW LAUNCH ***
2024-01-21 19:38:22.330 VERBOSE: *** NEW LAUNCH ***
2024-01-21 19:43:43.642 VERBOSE: *** NEW LAUNCH ***
2024-01-21 19:48:22.683 VERBOSE: *** NEW LAUNCH ***
2024-01-21 19:48:47.837 VERBOSE: *** NEW LAUNCH ***
2024-01-21 19:49:34.639 VERBOSE: *** NEW LAUNCH ***
2024-01-21 19:49:47.735 VERBOSE: *** NEW LAUNCH ***
2024-01-21 19:51:13.199 VERBOSE: *** NEW LAUNCH ***
2024-01-21 19:51:37.593 VERBOSE: *** NEW LAUNCH ***
2024-01-21 19:52:57.083 VERBOSE: *** NEW LAUNCH ***
2024-01-21 19:53:30.403 VERBOSE: *** NEW LAUNCH ***
2024-01-21 19:54:56.898 VERBOSE: *** NEW LAUNCH ***
2024-01-21 19:56:24.192 VERBOSE: *** NEW LAUNCH ***
2024-01-21 19:57:31.655 VERBOSE: *** NEW LAUNCH ***
2024-01-21 19:57:55.158 VERBOSE: *** NEW LAUNCH ***
2024-01-21 19:59:35.139 VERBOSE: *** NEW LAUNCH ***
2024-01-21 19:59:53.149 VERBOSE: *** NEW LAUNCH ***
2024-01-21 20:00:14.186 VERBOSE: *** NEW LAUNCH ***
2024-01-21 20:02:22.411 VERBOSE: *** NEW LAUNCH ***
2024-01-21 20:04:21.125 VERBOSE: *** NEW LAUNCH ***
2024-01-21 20:04:54.140 VERBOSE: *** NEW LAUNCH ***
2024-01-21 20:05:19.723 VERBOSE: *** NEW LAUNCH ***
2024-01-21 20:08:08.222 VERBOSE: *** NEW LAUNCH ***
2024-01-21 20:08:36.439 VERBOSE: *** NEW LAUNCH ***
2024-01-21 20:12:38.767 VERBOSE: *** NEW LAUNCH ***
2024-01-21 20:13:24.908 VERBOSE: *** NEW LAUNCH ***
2024-01-21 20:15:52.892 VERBOSE: *** NEW LAUNCH ***
2024-01-22 06:41:39.219 VERBOSE: *** NEW LAUNCH ***
2024-01-22 06:42:50.354 VERBOSE: *** NEW LAUNCH ***
2024-01-22 06:43:31.243 VERBOSE: *** NEW LAUNCH ***
2024-01-22 06:43:56.371 VERBOSE: *** NEW LAUNCH ***
2024-01-22 06:44:40.709 VERBOSE: *** NEW LAUNCH ***
2024-01-22 06:56:45.110 VERBOSE: *** NEW LAUNCH ***
2024-01-22 06:59:54.691 VERBOSE: *** NEW LAUNCH ***
2024-01-22 07:00:23.860 VERBOSE: *** NEW LAUNCH ***
2024-01-22 07:01:11.707 VERBOSE: *** NEW LAUNCH ***
2024-01-22 07:01:22.331 VERBOSE: *** NEW LAUNCH ***
2024-01-22 07:02:01.546 VERBOSE: *** NEW LAUNCH ***
2024-01-22 07:05:42.524 VERBOSE: *** NEW LAUNCH ***
2024-01-22 07:06:04.768 VERBOSE: *** NEW LAUNCH ***
2024-01-22 07:07:33.766 VERBOSE: *** NEW LAUNCH ***
2024-01-22 07:11:33.601 VERBOSE: *** NEW LAUNCH ***
2024-01-22 07:13:28.684 VERBOSE: *** NEW LAUNCH ***
2024-01-22 07:13:43.956 VERBOSE: *** NEW LAUNCH ***
2024-01-22 07:13:59.516 VERBOSE: *** NEW LAUNCH ***
2024-01-22 07:15:16.783 VERBOSE: *** NEW LAUNCH ***
2024-01-22 07:17:19.132 VERBOSE: *** NEW LAUNCH ***
2024-01-22 07:18:00.368 VERBOSE: *** NEW LAUNCH ***
2024-01-22 07:19:11.542 VERBOSE: *** NEW LAUNCH ***
2024-01-22 07:19:30.823 VERBOSE: *** NEW LAUNCH ***
2024-01-22 07:20:44.727 VERBOSE: *** NEW LAUNCH ***
2024-01-22 07:21:20.331 VERBOSE: *** NEW LAUNCH ***
2024-01-22 07:21:36.468 VERBOSE: *** NEW LAUNCH ***
2024-01-22 07:21:59.950 VERBOSE: *** NEW LAUNCH ***
2024-01-22 07:22:18.397 VERBOSE: *** NEW LAUNCH ***
2024-01-22 07:22:29.194 VERBOSE: fetchData BirdViewModel 5001
2024-01-22 07:22:32.188 VERBOSE: fetchData BirdViewModel 5001
2024-01-22 07:22:52.924 VERBOSE: *** NEW LAUNCH ***
2024-01-22 07:23:21.220 VERBOSE: *** NEW LAUNCH ***
2024-01-22 07:23:45.079 VERBOSE: *** NEW LAUNCH ***
2024-01-22 07:25:35.336 VERBOSE: *** NEW LAUNCH ***
2024-01-22 07:26:15.361 VERBOSE: *** NEW LAUNCH ***
2024-01-22 07:27:11.465 VERBOSE: *** NEW LAUNCH ***
2024-01-22 07:27:39.772 VERBOSE: *** NEW LAUNCH ***
2024-01-22 07:30:36.709 VERBOSE: *** NEW LAUNCH ***
2024-01-22 07:32:46.373 VERBOSE: *** NEW LAUNCH ***
2024-01-22 07:33:27.211 VERBOSE: *** NEW LAUNCH ***
2024-01-22 07:33:54.549 VERBOSE: *** NEW LAUNCH ***
2024-01-22 07:34:21.530 VERBOSE: *** NEW LAUNCH ***
2024-01-22 07:39:35.125 VERBOSE: *** NEW LAUNCH ***
2024-01-22 07:39:37.690 VERBOSE: fetchData BirdViewModel 5001
2024-01-22 07:43:15.926 VERBOSE: *** NEW LAUNCH ***
2024-01-22 07:46:04.401 VERBOSE: *** NEW LAUNCH ***
2024-01-22 07:46:38.127 VERBOSE: *** NEW LAUNCH ***
2024-01-22 07:47:46.290 VERBOSE: *** NEW LAUNCH ***
2024-01-22 07:48:33.067 VERBOSE: *** NEW LAUNCH ***
2024-01-22 07:50:27.542 VERBOSE: *** NEW LAUNCH ***
2024-01-22 07:51:47.369 VERBOSE: *** NEW LAUNCH ***
2024-01-22 07:52:31.429 VERBOSE: *** NEW LAUNCH ***
2024-01-22 07:53:55.179 VERBOSE: *** NEW LAUNCH ***
2024-01-22 07:54:25.738 VERBOSE: *** NEW LAUNCH ***
2024-01-22 07:55:16.193 VERBOSE: *** NEW LAUNCH ***
2024-01-22 07:56:50.096 VERBOSE: *** NEW LAUNCH ***
2024-01-22 07:57:25.318 VERBOSE: *** NEW LAUNCH ***
2024-01-22 07:57:41.548 VERBOSE: *** NEW LAUNCH ***
2024-01-22 07:58:19.611 VERBOSE: *** NEW LAUNCH ***
2024-01-22 07:59:30.728 VERBOSE: *** NEW LAUNCH ***
2024-01-22 08:00:56.181 VERBOSE: *** NEW LAUNCH ***
2024-01-22 08:01:10.198 VERBOSE: *** NEW LAUNCH ***
2024-01-22 08:01:25.178 VERBOSE: *** NEW LAUNCH ***
2024-01-22 08:01:51.783 VERBOSE: fetchData BirdViewModel 5001
2024-01-22 08:08:24.913 VERBOSE: *** NEW LAUNCH ***
2024-01-22 08:08:52.082 VERBOSE: *** NEW LAUNCH ***
2024-01-22 08:11:38.116 VERBOSE: *** NEW LAUNCH ***
2024-01-22 08:12:42.562 VERBOSE: *** NEW LAUNCH ***
2024-01-22 08:13:26.944 VERBOSE: *** NEW LAUNCH ***
2024-01-22 08:13:50.228 VERBOSE: *** NEW LAUNCH ***
2024-01-22 08:16:39.084 VERBOSE: *** NEW LAUNCH ***
2024-01-22 08:16:51.125 VERBOSE: *** NEW LAUNCH ***
2024-01-22 08:17:16.183 VERBOSE: *** NEW LAUNCH ***
2024-01-22 08:17:54.908 VERBOSE: *** NEW LAUNCH ***
2024-01-22 08:19:09.677 VERBOSE: *** NEW LAUNCH ***
2024-01-22 08:19:23.871 VERBOSE: fetchData BirdViewModel 5001
2024-01-22 08:19:34.735 VERBOSE: fetchData BirdViewModel 5001
2024-01-22 08:19:47.401 VERBOSE: call isObservationSheetPresented with bird.id 214
2024-01-22 08:22:10.692 VERBOSE: *** NEW LAUNCH ***
2024-01-22 08:22:13.526 VERBOSE: fetchData BirdViewModel 5001
2024-01-22 08:22:25.247 VERBOSE: call isObservationSheetPresented with bird.id 73546
2024-01-22 08:23:24.626 VERBOSE: *** NEW LAUNCH ***
2024-01-22 08:23:27.968 VERBOSE: fetchData BirdViewModel 5001
2024-01-22 08:23:59.035 VERBOSE: *** NEW LAUNCH ***
2024-01-22 08:24:04.833 VERBOSE: fetchData BirdViewModel 5001
2024-01-22 08:24:47.703 VERBOSE: *** NEW LAUNCH ***
2024-01-22 08:24:49.745 VERBOSE: fetchData BirdViewModel 5001
2024-01-22 08:24:52.070 VERBOSE: call isObservationSheetPresented with bird.id 58
2024-01-23 06:50:06.274 VERBOSE: *** NEW LAUNCH ***
2024-01-23 06:50:42.988 VERBOSE: *** NEW LAUNCH ***
2024-01-23 06:50:49.101 VERBOSE: fetchData BirdViewModel 5001
2024-01-23 06:51:08.419 VERBOSE: call isObservationSheetPresented with bird.id 58
2024-01-23 06:51:16.132 VERBOSE: call isMapObservationSheetPresented with bird.id 240788
2024-01-23 06:51:23.459 VERBOSE: call isMapObservationSheetPresented with bird.id 58
2024-01-23 06:51:59.768 VERBOSE: *** NEW LAUNCH ***
2024-01-23 06:52:08.350 VERBOSE: fetchData BirdViewModel 5001
2024-01-23 06:53:28.272 VERBOSE: *** NEW LAUNCH ***
2024-01-23 06:53:55.927 VERBOSE: *** NEW LAUNCH ***
2024-01-23 06:54:07.181 VERBOSE: *** NEW LAUNCH ***
2024-01-23 06:54:40.173 VERBOSE: *** NEW LAUNCH ***
2024-01-23 06:55:39.734 VERBOSE: *** NEW LAUNCH ***
2024-01-23 06:56:03.751 VERBOSE: *** NEW LAUNCH ***
2024-01-23 06:56:15.304 VERBOSE: *** NEW LAUNCH ***
2024-01-23 06:56:44.814 VERBOSE: *** NEW LAUNCH ***
2024-01-23 06:56:57.732 VERBOSE: *** NEW LAUNCH ***
2024-01-23 06:57:06.126 VERBOSE: fetchData BirdViewModel 5001
2024-01-23 06:58:59.662 VERBOSE: *** NEW LAUNCH ***
2024-01-23 06:59:01.176 VERBOSE: fetchData BirdViewModel 5001
2024-01-23 06:59:03.928 VERBOSE: call isObservationSheetPresented with bird.id 58
2024-01-23 06:59:59.724 VERBOSE: *** NEW LAUNCH ***
2024-01-23 07:00:01.703 VERBOSE: fetchData BirdViewModel 5001
2024-01-23 07:00:50.745 VERBOSE: *** NEW LAUNCH ***
2024-01-23 07:00:53.536 VERBOSE: fetchData BirdViewModel 5001
2024-01-23 07:01:19.204 VERBOSE: *** NEW LAUNCH ***
2024-01-23 07:01:21.103 VERBOSE: fetchData BirdViewModel 5001
2024-01-23 07:01:38.330 VERBOSE: *** NEW LAUNCH ***
2024-01-23 07:01:40.885 VERBOSE: fetchData BirdViewModel 5001
2024-01-23 07:02:43.382 VERBOSE: *** NEW LAUNCH ***
2024-01-23 07:02:45.261 VERBOSE: fetchData BirdViewModel 5001
2024-01-23 07:04:15.740 VERBOSE: *** NEW LAUNCH ***
2024-01-23 07:04:18.083 VERBOSE: fetchData BirdViewModel 5001
2024-01-23 07:04:18.807 VERBOSE: speciesID 18680
2024-01-23 07:04:18.811 VERBOSE: speciesID 2020
2024-01-23 07:04:18.816 VERBOSE: speciesID 21115
2024-01-23 07:04:18.820 VERBOSE: speciesID 73545
2024-01-23 07:04:18.825 VERBOSE: speciesID 70483
2024-01-23 07:04:18.829 VERBOSE: speciesID 73546
2024-01-23 07:04:18.832 VERBOSE: speciesID 214
2024-01-23 07:04:18.836 VERBOSE: speciesID 240788
2024-01-23 07:04:18.840 VERBOSE: speciesID 58
2024-01-23 07:05:39.522 VERBOSE: *** NEW LAUNCH ***
2024-01-23 07:05:41.361 VERBOSE: fetchData BirdViewModel 5001
2024-01-23 07:05:41.908 VERBOSE: speciesID 18680
2024-01-23 07:05:41.912 VERBOSE: speciesID 2020
2024-01-23 07:05:41.916 VERBOSE: speciesID 21115
2024-01-23 07:05:41.920 VERBOSE: speciesID 73545
2024-01-23 07:05:41.924 VERBOSE: speciesID 70483
2024-01-23 07:05:41.927 VERBOSE: speciesID 73546
2024-01-23 07:05:41.929 VERBOSE: speciesID 214
2024-01-23 07:05:41.932 VERBOSE: speciesID 240788
2024-01-23 07:05:41.936 VERBOSE: speciesID 58
2024-01-23 07:05:53.113 VERBOSE: speciesID 2020
2024-01-23 07:05:53.117 VERBOSE: speciesID 21115
2024-01-23 07:05:53.122 VERBOSE: speciesID 73545
2024-01-23 07:05:53.126 VERBOSE: speciesID 70483
2024-01-23 07:05:53.129 VERBOSE: speciesID 73546
2024-01-23 07:05:53.131 VERBOSE: speciesID 214
2024-01-23 07:05:53.134 VERBOSE: speciesID 240788
2024-01-23 07:05:53.136 VERBOSE: speciesID 58
2024-01-23 07:05:53.194 VERBOSE: speciesID 18680
2024-01-23 07:08:59.847 VERBOSE: *** NEW LAUNCH ***
2024-01-23 07:09:02.724 VERBOSE: fetchData BirdViewModel 5001
2024-01-23 07:09:03.496 VERBOSE: speciesID 18680
2024-01-23 07:09:03.500 VERBOSE: speciesID 18680
2024-01-23 07:09:03.504 VERBOSE: speciesID 2020
2024-01-23 07:09:03.507 VERBOSE: speciesID 2020
2024-01-23 07:09:03.511 VERBOSE: speciesID 21115
2024-01-23 07:09:03.514 VERBOSE: speciesID 21115
2024-01-23 07:09:03.517 VERBOSE: speciesID 73545
2024-01-23 07:09:03.519 VERBOSE: speciesID 73545
2024-01-23 07:09:03.522 VERBOSE: speciesID 70483
2024-01-23 07:09:03.526 VERBOSE: speciesID 70483
2024-01-23 07:09:03.530 VERBOSE: speciesID 73546
2024-01-23 07:09:03.533 VERBOSE: speciesID 73546
2024-01-23 07:09:03.537 VERBOSE: speciesID 214
2024-01-23 07:09:03.540 VERBOSE: speciesID 214
2024-01-23 07:09:03.543 VERBOSE: speciesID 240788
2024-01-23 07:09:03.547 VERBOSE: speciesID 240788
2024-01-23 07:09:03.551 VERBOSE: speciesID 58
2024-01-23 07:09:03.554 VERBOSE: speciesID 58
2024-01-23 07:09:31.796 VERBOSE: speciesID 72176
2024-01-23 07:09:31.800 VERBOSE: speciesID 72176
2024-01-23 07:09:31.941 VERBOSE: speciesID 1178207
2024-01-23 07:09:31.945 VERBOSE: speciesID 1178207
2024-01-23 07:09:32.224 VERBOSE: speciesID 27150
2024-01-23 07:09:32.227 VERBOSE: speciesID 27150
2024-01-23 07:09:32.756 VERBOSE: speciesID 79302
2024-01-23 07:09:32.760 VERBOSE: speciesID 79302
2024-01-23 07:09:33.147 VERBOSE: speciesID 19275
2024-01-23 07:09:33.151 VERBOSE: speciesID 19275
2024-01-23 07:09:33.287 VERBOSE: speciesID 689264
2024-01-23 07:09:33.290 VERBOSE: speciesID 689264
2024-01-23 07:09:33.374 VERBOSE: speciesID 72928
2024-01-23 07:09:33.377 VERBOSE: speciesID 72928
2024-01-23 07:09:33.524 VERBOSE: speciesID 215
2024-01-23 07:09:33.526 VERBOSE: speciesID 215
2024-01-23 07:09:33.723 VERBOSE: speciesID 1967
2024-01-23 07:09:33.727 VERBOSE: speciesID 1967
2024-01-23 07:09:34.074 VERBOSE: speciesID 643158
2024-01-23 07:09:34.077 VERBOSE: speciesID 643158
2024-01-23 07:09:34.207 VERBOSE: speciesID 216
2024-01-23 07:09:34.210 VERBOSE: speciesID 216
2024-01-23 07:09:34.240 VERBOSE: speciesID 1560
2024-01-23 07:09:34.244 VERBOSE: speciesID 1560
2024-01-23 07:09:34.291 VERBOSE: speciesID 1596
2024-01-23 07:09:34.294 VERBOSE: speciesID 1596
2024-01-23 07:09:34.332 VERBOSE: speciesID 1597
2024-01-23 07:09:34.334 VERBOSE: speciesID 1597
2024-01-23 07:09:34.360 VERBOSE: speciesID 70484
2024-01-23 07:09:34.363 VERBOSE: speciesID 70484
2024-01-23 07:09:34.406 VERBOSE: speciesID 239306
2024-01-23 07:09:34.410 VERBOSE: speciesID 239306
2024-01-23 07:09:34.457 VERBOSE: speciesID 72975
2024-01-23 07:09:34.460 VERBOSE: speciesID 72975
2024-01-23 07:09:34.548 VERBOSE: speciesID 19320
2024-01-23 07:09:34.551 VERBOSE: speciesID 19320
2024-01-23 07:09:34.590 VERBOSE: speciesID 245228
2024-01-23 07:09:34.594 VERBOSE: speciesID 245228
2024-01-23 07:09:34.691 VERBOSE: speciesID 1722
2024-01-23 07:09:34.695 VERBOSE: speciesID 1722
2024-01-23 07:09:37.337 VERBOSE: speciesID 893
2024-01-23 07:09:37.340 VERBOSE: speciesID 893
2024-01-23 07:09:37.406 VERBOSE: speciesID 194614
2024-01-23 07:09:37.409 VERBOSE: speciesID 194614
2024-01-23 07:09:37.474 VERBOSE: speciesID 79269
2024-01-23 07:09:37.477 VERBOSE: speciesID 79269
2024-01-23 07:09:37.564 VERBOSE: speciesID 73455
2024-01-23 07:09:37.567 VERBOSE: speciesID 73455
2024-01-23 07:09:37.677 VERBOSE: speciesID 76726
2024-01-23 07:09:37.680 VERBOSE: speciesID 76726
2024-01-23 07:09:37.777 VERBOSE: speciesID 29000
2024-01-23 07:09:37.780 VERBOSE: speciesID 29000
2024-01-23 07:09:37.921 VERBOSE: speciesID 72919
2024-01-23 07:09:37.924 VERBOSE: speciesID 72919
2024-01-23 07:09:38.106 VERBOSE: speciesID 927571
2024-01-23 07:09:38.109 VERBOSE: speciesID 927571
2024-01-23 07:09:38.280 VERBOSE: speciesID 19320
2024-01-23 07:09:38.284 VERBOSE: speciesID 19320
2024-01-23 07:09:38.297 VERBOSE: speciesID 72975
2024-01-23 07:09:38.300 VERBOSE: speciesID 72975
2024-01-23 07:09:38.314 VERBOSE: speciesID 239306
2024-01-23 07:09:38.318 VERBOSE: speciesID 239306
2024-01-23 07:09:38.332 VERBOSE: speciesID 70484
2024-01-23 07:09:38.336 VERBOSE: speciesID 70484
2024-01-23 07:09:38.380 VERBOSE: speciesID 1597
2024-01-23 07:09:38.384 VERBOSE: speciesID 1597
2024-01-23 07:09:38.403 VERBOSE: speciesID 1596
2024-01-23 07:09:38.406 VERBOSE: speciesID 1596
2024-01-23 07:09:38.430 VERBOSE: speciesID 1560
2024-01-23 07:09:38.434 VERBOSE: speciesID 1560
2024-01-23 07:09:38.440 VERBOSE: speciesID 216
2024-01-23 07:09:38.444 VERBOSE: speciesID 216
2024-01-23 07:09:38.459 VERBOSE: speciesID 643158
2024-01-23 07:09:38.464 VERBOSE: speciesID 643158
2024-01-23 07:09:38.502 VERBOSE: speciesID 1967
2024-01-23 07:09:38.505 VERBOSE: speciesID 1967
2024-01-23 07:09:38.511 VERBOSE: speciesID 215
2024-01-23 07:09:38.515 VERBOSE: speciesID 215
2024-01-23 07:09:38.532 VERBOSE: speciesID 72928
2024-01-23 07:09:38.535 VERBOSE: speciesID 72928
2024-01-23 07:09:38.566 VERBOSE: speciesID 689264
2024-01-23 07:09:38.569 VERBOSE: speciesID 689264
2024-01-23 07:09:38.592 VERBOSE: speciesID 19275
2024-01-23 07:09:38.596 VERBOSE: speciesID 19275
2024-01-23 07:09:38.613 VERBOSE: speciesID 79302
2024-01-23 07:09:38.617 VERBOSE: speciesID 79302
2024-01-23 07:09:38.657 VERBOSE: speciesID 27150
2024-01-23 07:09:38.661 VERBOSE: speciesID 27150
2024-01-23 07:09:38.693 VERBOSE: speciesID 1178207
2024-01-23 07:09:38.697 VERBOSE: speciesID 1178207
2024-01-23 07:09:38.728 VERBOSE: speciesID 72176
2024-01-23 07:09:38.731 VERBOSE: speciesID 72176
2024-01-23 07:09:38.759 VERBOSE: speciesID 18680
2024-01-23 07:09:38.763 VERBOSE: speciesID 18680
2024-01-23 07:09:38.807 VERBOSE: speciesID 2020
2024-01-23 07:09:38.810 VERBOSE: speciesID 2020
2024-01-23 07:09:38.840 VERBOSE: speciesID 21115
2024-01-23 07:09:38.843 VERBOSE: speciesID 21115
2024-01-23 07:09:38.890 VERBOSE: speciesID 73545
2024-01-23 07:09:38.893 VERBOSE: speciesID 73545
2024-01-23 07:09:38.957 VERBOSE: speciesID 70483
2024-01-23 07:09:38.960 VERBOSE: speciesID 70483
2024-01-23 07:09:39.007 VERBOSE: speciesID 73546
2024-01-23 07:09:39.010 VERBOSE: speciesID 73546
2024-01-23 07:09:39.089 VERBOSE: speciesID 214
2024-01-23 07:09:39.093 VERBOSE: speciesID 214
2024-01-23 07:09:39.173 VERBOSE: speciesID 240788
2024-01-23 07:09:39.177 VERBOSE: speciesID 240788
2024-01-23 07:09:39.273 VERBOSE: speciesID 58
2024-01-23 07:09:39.276 VERBOSE: speciesID 58
2024-01-23 07:09:39.939 VERBOSE: speciesID 18680
2024-01-23 07:09:39.942 VERBOSE: speciesID 18680
2024-01-23 07:09:40.555 VERBOSE: speciesID 240788
2024-01-23 07:09:41.924 VERBOSE: speciesID 58
2024-01-23 07:09:41.927 VERBOSE: speciesID 58
2024-01-23 07:09:41.932 VERBOSE: speciesID 240788
2024-01-23 07:09:41.936 VERBOSE: speciesID 240788
2024-01-23 07:09:41.939 VERBOSE: speciesID 214
2024-01-23 07:09:41.941 VERBOSE: speciesID 214
2024-01-23 07:09:41.944 VERBOSE: speciesID 73546
2024-01-23 07:09:41.946 VERBOSE: speciesID 73546
2024-01-23 07:09:41.949 VERBOSE: speciesID 70483
2024-01-23 07:09:41.952 VERBOSE: speciesID 70483
2024-01-23 07:09:41.954 VERBOSE: speciesID 73545
2024-01-23 07:09:41.957 VERBOSE: speciesID 73545
2024-01-23 07:09:41.959 VERBOSE: speciesID 21115
2024-01-23 07:09:41.962 VERBOSE: speciesID 21115
2024-01-23 07:09:41.966 VERBOSE: speciesID 2020
2024-01-23 07:09:41.969 VERBOSE: speciesID 2020
2024-01-23 07:09:41.971 VERBOSE: speciesID 18680
2024-01-23 07:09:41.974 VERBOSE: speciesID 18680
2024-01-23 07:09:43.423 VERBOSE: speciesID 18680
2024-01-23 07:09:43.426 VERBOSE: speciesID 18680
2024-01-23 07:09:45.639 VERBOSE: speciesID 72176
2024-01-23 07:09:45.643 VERBOSE: speciesID 72176
2024-01-23 07:09:45.739 VERBOSE: speciesID 1178207
2024-01-23 07:09:45.743 VERBOSE: speciesID 1178207
2024-01-23 07:09:45.857 VERBOSE: speciesID 27150
2024-01-23 07:09:45.860 VERBOSE: speciesID 27150
2024-01-23 07:09:46.007 VERBOSE: speciesID 79302
2024-01-23 07:09:46.010 VERBOSE: speciesID 79302
2024-01-23 07:09:46.290 VERBOSE: speciesID 19275
2024-01-23 07:09:46.293 VERBOSE: speciesID 19275
2024-01-23 07:09:46.790 VERBOSE: speciesID 689264
2024-01-23 07:09:46.793 VERBOSE: speciesID 689264
2024-01-23 07:09:47.153 VERBOSE: speciesID 72928
2024-01-23 07:09:47.156 VERBOSE: speciesID 72928
2024-01-23 07:09:47.274 VERBOSE: speciesID 215
2024-01-23 07:09:47.277 VERBOSE: speciesID 215
2024-01-23 07:09:47.424 VERBOSE: speciesID 1967
2024-01-23 07:09:47.427 VERBOSE: speciesID 1967
2024-01-23 07:09:47.639 VERBOSE: speciesID 643158
2024-01-23 07:09:47.643 VERBOSE: speciesID 643158
2024-01-23 07:09:48.024 VERBOSE: speciesID 216
2024-01-23 07:09:48.027 VERBOSE: speciesID 216
2024-01-23 07:09:52.891 VERBOSE: speciesID 1560
2024-01-23 07:09:52.898 VERBOSE: speciesID 1560
2024-01-23 07:09:52.974 VERBOSE: speciesID 1596
2024-01-23 07:09:52.978 VERBOSE: speciesID 1596
2024-01-23 07:09:53.124 VERBOSE: speciesID 1597
2024-01-23 07:09:53.127 VERBOSE: speciesID 1597
2024-01-23 07:09:53.324 VERBOSE: speciesID 70484
2024-01-23 07:09:53.328 VERBOSE: speciesID 70484
2024-01-23 07:09:53.643 VERBOSE: speciesID 239306
2024-01-23 07:09:53.650 VERBOSE: speciesID 239306
2024-01-23 07:09:57.478 VERBOSE: *** NEW LAUNCH ***
2024-01-23 07:09:59.402 VERBOSE: fetchData BirdViewModel 5001
2024-01-23 07:09:59.940 VERBOSE: speciesID 18680
2024-01-23 07:09:59.944 VERBOSE: speciesID 18680
2024-01-23 07:09:59.948 VERBOSE: speciesID 2020
2024-01-23 07:09:59.951 VERBOSE: speciesID 2020
2024-01-23 07:09:59.954 VERBOSE: speciesID 21115
2024-01-23 07:09:59.958 VERBOSE: speciesID 21115
2024-01-23 07:09:59.961 VERBOSE: speciesID 73545
2024-01-23 07:09:59.965 VERBOSE: speciesID 73545
2024-01-23 07:09:59.968 VERBOSE: speciesID 70483
2024-01-23 07:09:59.972 VERBOSE: speciesID 70483
2024-01-23 07:09:59.975 VERBOSE: speciesID 73546
2024-01-23 07:09:59.978 VERBOSE: speciesID 73546
2024-01-23 07:09:59.981 VERBOSE: speciesID 214
2024-01-23 07:09:59.985 VERBOSE: speciesID 214
2024-01-23 07:09:59.989 VERBOSE: speciesID 240788
2024-01-23 07:09:59.992 VERBOSE: speciesID 240788
2024-01-23 07:09:59.997 VERBOSE: speciesID 58
2024-01-23 07:10:00.001 VERBOSE: speciesID 58
2024-01-23 07:10:31.487 VERBOSE: *** NEW LAUNCH ***
2024-01-23 07:10:33.702 VERBOSE: fetchData BirdViewModel 5001
2024-01-23 07:10:34.303 VERBOSE: speciesID 18680
2024-01-23 07:10:34.307 VERBOSE: speciesID 18680
2024-01-23 07:10:34.312 VERBOSE: speciesID 2020
2024-01-23 07:10:34.315 VERBOSE: speciesID 2020
2024-01-23 07:10:34.319 VERBOSE: speciesID 21115
2024-01-23 07:10:34.322 VERBOSE: speciesID 21115
2024-01-23 07:10:34.324 VERBOSE: speciesID 73545
2024-01-23 07:10:34.327 VERBOSE: speciesID 73545
2024-01-23 07:10:34.330 VERBOSE: speciesID 70483
2024-01-23 07:10:34.333 VERBOSE: speciesID 70483
2024-01-23 07:10:34.336 VERBOSE: speciesID 73546
2024-01-23 07:10:34.340 VERBOSE: speciesID 73546
2024-01-23 07:10:34.343 VERBOSE: speciesID 214
2024-01-23 07:10:34.346 VERBOSE: speciesID 214
2024-01-23 07:10:34.349 VERBOSE: speciesID 240788
2024-01-23 07:10:34.352 VERBOSE: speciesID 240788
2024-01-23 07:10:34.356 VERBOSE: speciesID 58
2024-01-23 07:10:34.360 VERBOSE: speciesID 58
2024-01-23 07:12:05.951 VERBOSE: *** NEW LAUNCH ***
2024-01-23 07:12:07.609 VERBOSE: fetchData BirdViewModel 5001
2024-01-23 07:12:08.174 VERBOSE: speciesID 18680
2024-01-23 07:12:08.177 VERBOSE: speciesID 18680
2024-01-23 07:12:08.182 VERBOSE: speciesID 2020
2024-01-23 07:12:08.186 VERBOSE: speciesID 2020
2024-01-23 07:12:08.190 VERBOSE: speciesID 21115
2024-01-23 07:12:08.193 VERBOSE: speciesID 21115
2024-01-23 07:12:08.195 VERBOSE: speciesID 73545
2024-01-23 07:12:08.198 VERBOSE: speciesID 73545
2024-01-23 07:12:08.200 VERBOSE: speciesID 70483
2024-01-23 07:12:08.203 VERBOSE: speciesID 70483
2024-01-23 07:12:08.207 VERBOSE: speciesID 73546
2024-01-23 07:12:08.211 VERBOSE: speciesID 73546
2024-01-23 07:12:08.213 VERBOSE: speciesID 214
2024-01-23 07:12:08.217 VERBOSE: speciesID 214
2024-01-23 07:12:08.221 VERBOSE: speciesID 240788
2024-01-23 07:12:08.225 VERBOSE: speciesID 240788
2024-01-23 07:12:08.229 VERBOSE: speciesID 58
2024-01-23 07:12:08.233 VERBOSE: speciesID 58
2024-01-23 07:12:08.257 VERBOSE: speciesID count Optional(0)
2024-01-23 07:12:08.324 VERBOSE: speciesID count Optional(0)
2024-01-23 07:12:08.344 VERBOSE: speciesID count Optional(0)
2024-01-23 07:12:08.346 VERBOSE: speciesID count Optional(0)
2024-01-23 07:12:08.362 VERBOSE: speciesID count Optional(0)
2024-01-23 07:12:08.365 VERBOSE: speciesID count Optional(0)
2024-01-23 07:12:08.380 VERBOSE: speciesID count Optional(0)
2024-01-23 07:12:08.414 VERBOSE: speciesID count Optional(0)
2024-01-23 07:12:09.084 VERBOSE: speciesID count Optional(118)
2024-01-23 07:14:01.362 VERBOSE: *** NEW LAUNCH ***
2024-01-23 07:14:03.999 VERBOSE: fetchData BirdViewModel 5001
2024-01-23 07:14:04.651 VERBOSE: speciesID 21115
2024-01-23 07:14:04.655 VERBOSE: speciesID 21115
2024-01-23 07:14:04.660 VERBOSE: speciesID 73545
2024-01-23 07:14:04.663 VERBOSE: speciesID 73545
2024-01-23 07:14:04.666 VERBOSE: speciesID 70483
2024-01-23 07:14:04.670 VERBOSE: speciesID 70483
2024-01-23 07:14:04.672 VERBOSE: speciesID 73546
2024-01-23 07:14:04.675 VERBOSE: speciesID 73546
2024-01-23 07:14:04.678 VERBOSE: speciesID 214
2024-01-23 07:14:04.681 VERBOSE: speciesID 214
2024-01-23 07:14:04.684 VERBOSE: speciesID 240788
2024-01-23 07:14:04.687 VERBOSE: speciesID 240788
2024-01-23 07:14:04.690 VERBOSE: speciesID 58
2024-01-23 07:14:04.693 VERBOSE: speciesID 58
2024-01-23 07:14:08.287 VERBOSE: speciesID 2020
2024-01-23 07:14:08.291 VERBOSE: speciesID 2020
2024-01-23 07:14:08.408 VERBOSE: speciesID 18680
2024-01-23 07:14:08.411 VERBOSE: speciesID 18680
2024-01-23 07:14:08.508 VERBOSE: speciesID 72176
2024-01-23 07:14:08.511 VERBOSE: speciesID 72176
2024-01-23 07:14:08.658 VERBOSE: speciesID 1178207
2024-01-23 07:14:08.661 VERBOSE: speciesID 1178207
2024-01-23 07:14:08.857 VERBOSE: speciesID 27150
2024-01-23 07:14:08.861 VERBOSE: speciesID 27150
2024-01-23 07:14:09.191 VERBOSE: speciesID 79302
2024-01-23 07:14:09.197 VERBOSE: speciesID 79302
2024-01-23 07:14:10.018 VERBOSE: speciesID 73546
2024-01-23 07:14:10.025 VERBOSE: speciesID 73546
2024-01-23 07:14:10.076 VERBOSE: speciesID 214
2024-01-23 07:14:10.080 VERBOSE: speciesID 214
2024-01-23 07:14:10.141 VERBOSE: speciesID 240788
2024-01-23 07:14:10.145 VERBOSE: speciesID 240788
2024-01-23 07:14:10.208 VERBOSE: speciesID 58
2024-01-23 07:14:10.211 VERBOSE: speciesID 58
2024-01-23 07:14:33.781 VERBOSE: *** NEW LAUNCH ***
2024-01-23 07:14:43.680 VERBOSE: fetchData BirdViewModel 5001
2024-01-23 07:14:53.419 VERBOSE: fetchData BirdViewModel 5001
2024-01-23 07:14:56.422 VERBOSE: speciesID 58
2024-01-23 07:15:02.815 VERBOSE: speciesID 306
2024-01-23 07:15:22.723 VERBOSE: fetchData BirdViewModel 5001
2024-01-23 07:15:25.827 VERBOSE: fetchData BirdViewModel 5001
2024-01-23 07:15:27.036 VERBOSE: fetchData BirdViewModel 5001
2024-01-23 07:15:30.575 VERBOSE: fetchData BirdViewModel 5001
2024-01-23 07:15:35.512 VERBOSE: fetchData BirdViewModel 5001
2024-01-23 07:15:38.914 VERBOSE: fetchData BirdViewModel 5001
2024-01-23 07:15:40.740 VERBOSE: speciesID 7701
2024-01-23 07:15:44.991 VERBOSE: speciesID 336
